<?xml version="1.0" encoding="UTF-8"?>
<coverage generated="1654435315580" clover="3.2.0">
  <project timestamp="1654435315580" name="All files">
    <metrics statements="12" coveredstatements="11" conditionals="6" coveredconditionals="5" methods="2" coveredmethods="2" elements="20" coveredelements="18" complexity="0" loc="12" ncloc="12" packages="1" files="1" classes="1"/>
    <file name="index-service.js" path="C:\Users\Chaima B.G\Desktop\Test\unitTest\services\index-service.js">
      <metrics statements="12" coveredstatements="11" conditionals="6" coveredconditionals="5" methods="2" coveredmethods="2"/>
      <line num="1" count="1" type="stmt"/>
      <line num="2" count="1" type="stmt"/>
      <line num="4" count="1" type="stmt"/>
      <line num="5" count="4" type="cond" truecount="2" falsecount="0"/>
      <line num="8" count="1" type="stmt"/>
      <line num="10" count="3" type="stmt"/>
      <line num="15" count="1" type="stmt"/>
      <line num="16" count="4" type="cond" truecount="1" falsecount="1"/>
      <line num="17" count="4" type="cond" truecount="2" falsecount="0"/>
      <line num="20" count="1" type="stmt"/>
      <line num="22" count="3" type="stmt"/>
      <line num="25" count="0" type="stmt"/>
    </file>
  </project>
</coverage>
