{"C:\\Users\\Chaima B.G\\Desktop\\Test\\integrationTest\\app.js": {"path":"C:\\Users\\Chaima B.G\\Desktop\\Test\\integrationTest\\app.js","statementMap":{"0":{"start":{"line":1,"column":18},"end":{"line":1,"column":40}},"1":{"start":{"line":2,"column":14},"end":{"line":2,"column":32}},"2":{"start":{"line":3,"column":11},"end":{"line":3,"column":26}},"3":{"start":{"line":4,"column":13},"end":{"line":4,"column":30}},"4":{"start":{"line":5,"column":19},"end":{"line":5,"column":43}},"5":{"start":{"line":6,"column":13},"end":{"line":6,"column":30}},"6":{"start":{"line":7,"column":18},"end":{"line":7,"column":43}},"7":{"start":{"line":8,"column":18},"end":{"line":8,"column":43}},"8":{"start":{"line":9,"column":17},"end":{"line":9,"column":41}},"9":{"start":{"line":10,"column":11},"end":{"line":10,"column":26}},"10":{"start":{"line":11,"column":15},"end":{"line":11,"column":34}},"11":{"start":{"line":13,"column":10},"end":{"line":13,"column":19}},"12":{"start":{"line":14,"column":0},"end":{"line":14,"column":16}},"13":{"start":{"line":16,"column":0},"end":{"line":16,"column":48}},"14":{"start":{"line":17,"column":0},"end":{"line":17,"column":30}},"15":{"start":{"line":19,"column":0},"end":{"line":19,"column":23}},"16":{"start":{"line":20,"column":0},"end":{"line":20,"column":24}},"17":{"start":{"line":21,"column":0},"end":{"line":21,"column":49}},"18":{"start":{"line":22,"column":0},"end":{"line":22,"column":24}},"19":{"start":{"line":23,"column":0},"end":{"line":23,"column":56}},"20":{"start":{"line":25,"column":0},"end":{"line":25,"column":26}},"21":{"start":{"line":26,"column":0},"end":{"line":26,"column":31}},"22":{"start":{"line":27,"column":0},"end":{"line":27,"column":29}},"23":{"start":{"line":29,"column":0},"end":{"line":31,"column":3}},"24":{"start":{"line":30,"column":2},"end":{"line":30,"column":25}},"25":{"start":{"line":34,"column":0},"end":{"line":42,"column":3}},"26":{"start":{"line":36,"column":2},"end":{"line":36,"column":35}},"27":{"start":{"line":37,"column":2},"end":{"line":37,"column":69}},"28":{"start":{"line":40,"column":2},"end":{"line":40,"column":32}},"29":{"start":{"line":41,"column":2},"end":{"line":41,"column":22}},"30":{"start":{"line":44,"column":13},"end":{"line":44,"column":37}},"31":{"start":{"line":46,"column":0},"end":{"line":50,"column":50}},"32":{"start":{"line":49,"column":14},"end":{"line":49,"column":76}},"33":{"start":{"line":50,"column":22},"end":{"line":50,"column":48}},"34":{"start":{"line":52,"column":0},"end":{"line":52,"column":21}}},"fnMap":{"0":{"name":"(anonymous_0)","decl":{"start":{"line":29,"column":8},"end":{"line":29,"column":9}},"loc":{"start":{"line":29,"column":33},"end":{"line":31,"column":1}},"line":29},"1":{"name":"(anonymous_1)","decl":{"start":{"line":34,"column":8},"end":{"line":34,"column":9}},"loc":{"start":{"line":34,"column":38},"end":{"line":42,"column":1}},"line":34},"2":{"name":"(anonymous_2)","decl":{"start":{"line":49,"column":8},"end":{"line":49,"column":9}},"loc":{"start":{"line":49,"column":14},"end":{"line":49,"column":76}},"line":49},"3":{"name":"(anonymous_3)","decl":{"start":{"line":50,"column":11},"end":{"line":50,"column":12}},"loc":{"start":{"line":50,"column":22},"end":{"line":50,"column":48}},"line":50}},"branchMap":{"0":{"loc":{"start":{"line":37,"column":21},"end":{"line":37,"column":68}},"type":"cond-expr","locations":[{"start":{"line":37,"column":60},"end":{"line":37,"column":63}},{"start":{"line":37,"column":66},"end":{"line":37,"column":68}}],"line":37},"1":{"loc":{"start":{"line":40,"column":13},"end":{"line":40,"column":30}},"type":"binary-expr","locations":[{"start":{"line":40,"column":13},"end":{"line":40,"column":23}},{"start":{"line":40,"column":27},"end":{"line":40,"column":30}}],"line":40},"2":{"loc":{"start":{"line":44,"column":13},"end":{"line":44,"column":37}},"type":"binary-expr","locations":[{"start":{"line":44,"column":13},"end":{"line":44,"column":29}},{"start":{"line":44,"column":33},"end":{"line":44,"column":37}}],"line":44}},"s":{"0":1,"1":1,"2":1,"3":1,"4":1,"5":1,"6":1,"7":1,"8":1,"9":1,"10":1,"11":1,"12":1,"13":1,"14":1,"15":1,"16":1,"17":1,"18":1,"19":1,"20":1,"21":1,"22":1,"23":1,"24":0,"25":1,"26":0,"27":0,"28":0,"29":0,"30":1,"31":1,"32":1,"33":0,"34":1},"f":{"0":0,"1":0,"2":1,"3":0},"b":{"0":[0,0],"1":[0,0],"2":[1,1]},"_coverageSchema":"1a1c01bbd47fc00a2c39e90264f33305004495a9","hash":"d866c3a64859c16d183d05db4d52770505fb1422"}
,"C:\\Users\\Chaima B.G\\Desktop\\Test\\integrationTest\\models\\User.js": {"path":"C:\\Users\\Chaima B.G\\Desktop\\Test\\integrationTest\\models\\User.js","statementMap":{"0":{"start":{"line":1,"column":15},"end":{"line":1,"column":34}},"1":{"start":{"line":2,"column":19},"end":{"line":9,"column":2}},"2":{"start":{"line":10,"column":0},"end":{"line":10,"column":52}}},"fnMap":{},"branchMap":{},"s":{"0":1,"1":1,"2":1},"f":{},"b":{},"_coverageSchema":"1a1c01bbd47fc00a2c39e90264f33305004495a9","hash":"510e5fae8cf2d6c461b25cc6d76a38082a7eacb6"}
,"C:\\Users\\Chaima B.G\\Desktop\\Test\\integrationTest\\routes\\auth.js": {"path":"C:\\Users\\Chaima B.G\\Desktop\\Test\\integrationTest\\routes\\auth.js","statementMap":{"0":{"start":{"line":1,"column":14},"end":{"line":1,"column":32}},"1":{"start":{"line":2,"column":13},"end":{"line":2,"column":29}},"2":{"start":{"line":3,"column":11},"end":{"line":3,"column":36}},"3":{"start":{"line":4,"column":15},"end":{"line":4,"column":32}},"4":{"start":{"line":7,"column":0},"end":{"line":30,"column":3}},"5":{"start":{"line":8,"column":4},"end":{"line":29,"column":5}},"6":{"start":{"line":9,"column":19},"end":{"line":9,"column":78}},"7":{"start":{"line":10,"column":8},"end":{"line":26,"column":9}},"8":{"start":{"line":11,"column":12},"end":{"line":11,"column":64}},"9":{"start":{"line":14,"column":12},"end":{"line":25,"column":13}},"10":{"start":{"line":15,"column":16},"end":{"line":21,"column":23}},"11":{"start":{"line":24,"column":16},"end":{"line":24,"column":73}},"12":{"start":{"line":28,"column":8},"end":{"line":28,"column":20}},"13":{"start":{"line":32,"column":0},"end":{"line":32,"column":24}}},"fnMap":{"0":{"name":"(anonymous_0)","decl":{"start":{"line":7,"column":17},"end":{"line":7,"column":18}},"loc":{"start":{"line":7,"column":36},"end":{"line":30,"column":1}},"line":7}},"branchMap":{"0":{"loc":{"start":{"line":10,"column":8},"end":{"line":26,"column":9}},"type":"if","locations":[{"start":{"line":10,"column":8},"end":{"line":26,"column":9}},{"start":{"line":13,"column":15},"end":{"line":26,"column":9}}],"line":10},"1":{"loc":{"start":{"line":14,"column":12},"end":{"line":25,"column":13}},"type":"if","locations":[{"start":{"line":14,"column":12},"end":{"line":25,"column":13}},{"start":{"line":23,"column":19},"end":{"line":25,"column":13}}],"line":14}},"s":{"0":1,"1":1,"2":1,"3":1,"4":1,"5":3,"6":3,"7":3,"8":1,"9":2,"10":1,"11":1,"12":0,"13":1},"f":{"0":3},"b":{"0":[1,2],"1":[1,1]},"_coverageSchema":"1a1c01bbd47fc00a2c39e90264f33305004495a9","hash":"59185f077a793b29c8aa88c989b24ef92748087d"}
,"C:\\Users\\Chaima B.G\\Desktop\\Test\\integrationTest\\routes\\index.js": {"path":"C:\\Users\\Chaima B.G\\Desktop\\Test\\integrationTest\\routes\\index.js","statementMap":{"0":{"start":{"line":1,"column":14},"end":{"line":1,"column":32}},"1":{"start":{"line":2,"column":13},"end":{"line":2,"column":29}},"2":{"start":{"line":5,"column":0},"end":{"line":7,"column":3}},"3":{"start":{"line":6,"column":2},"end":{"line":6,"column":44}},"4":{"start":{"line":9,"column":0},"end":{"line":9,"column":24}}},"fnMap":{"0":{"name":"(anonymous_0)","decl":{"start":{"line":5,"column":16},"end":{"line":5,"column":17}},"loc":{"start":{"line":5,"column":41},"end":{"line":7,"column":1}},"line":5}},"branchMap":{},"s":{"0":1,"1":1,"2":1,"3":0,"4":1},"f":{"0":0},"b":{},"_coverageSchema":"1a1c01bbd47fc00a2c39e90264f33305004495a9","hash":"70a5e6a519bd2bdd6815a6a603c0580340f6e77e"}
,"C:\\Users\\Chaima B.G\\Desktop\\Test\\integrationTest\\routes\\users.js": {"path":"C:\\Users\\Chaima B.G\\Desktop\\Test\\integrationTest\\routes\\users.js","statementMap":{"0":{"start":{"line":1,"column":14},"end":{"line":1,"column":32}},"1":{"start":{"line":2,"column":13},"end":{"line":2,"column":29}},"2":{"start":{"line":3,"column":56},"end":{"line":3,"column":92}},"3":{"start":{"line":6,"column":0},"end":{"line":6,"column":26}},"4":{"start":{"line":9,"column":0},"end":{"line":9,"column":47}},"5":{"start":{"line":12,"column":0},"end":{"line":12,"column":26}},"6":{"start":{"line":15,"column":0},"end":{"line":15,"column":36}},"7":{"start":{"line":17,"column":0},"end":{"line":17,"column":24}}},"fnMap":{},"branchMap":{},"s":{"0":1,"1":1,"2":1,"3":1,"4":1,"5":1,"6":1,"7":1},"f":{},"b":{},"_coverageSchema":"1a1c01bbd47fc00a2c39e90264f33305004495a9","hash":"8c11833ad626102785fd185fd3461171b23e2b08"}
,"C:\\Users\\Chaima B.G\\Desktop\\Test\\integrationTest\\services\\index-service.js": {"path":"C:\\Users\\Chaima B.G\\Desktop\\Test\\integrationTest\\services\\index-service.js","statementMap":{"0":{"start":{"line":1,"column":14},"end":{"line":1,"column":32}},"1":{"start":{"line":2,"column":13},"end":{"line":2,"column":29}},"2":{"start":{"line":4,"column":0},"end":{"line":10,"column":1}},"3":{"start":{"line":5,"column":4},"end":{"line":9,"column":3}},"4":{"start":{"line":6,"column":6},"end":{"line":6,"column":17}},"5":{"start":{"line":8,"column":4},"end":{"line":8,"column":16}},"6":{"start":{"line":13,"column":0},"end":{"line":23,"column":1}},"7":{"start":{"line":14,"column":2},"end":{"line":22,"column":3}},"8":{"start":{"line":15,"column":4},"end":{"line":19,"column":5}},"9":{"start":{"line":16,"column":6},"end":{"line":16,"column":18}},"10":{"start":{"line":18,"column":6},"end":{"line":18,"column":19}},"11":{"start":{"line":21,"column":4},"end":{"line":21,"column":14}}},"fnMap":{"0":{"name":"(anonymous_0)","decl":{"start":{"line":4,"column":22},"end":{"line":4,"column":23}},"loc":{"start":{"line":4,"column":29},"end":{"line":10,"column":1}},"line":4},"1":{"name":"(anonymous_1)","decl":{"start":{"line":13,"column":26},"end":{"line":13,"column":27}},"loc":{"start":{"line":13,"column":35},"end":{"line":23,"column":1}},"line":13}},"branchMap":{"0":{"loc":{"start":{"line":5,"column":4},"end":{"line":9,"column":3}},"type":"if","locations":[{"start":{"line":5,"column":4},"end":{"line":9,"column":3}},{"start":{"line":7,"column":11},"end":{"line":9,"column":3}}],"line":5},"1":{"loc":{"start":{"line":14,"column":2},"end":{"line":22,"column":3}},"type":"if","locations":[{"start":{"line":14,"column":2},"end":{"line":22,"column":3}},{"start":{"line":20,"column":8},"end":{"line":22,"column":3}}],"line":14},"2":{"loc":{"start":{"line":15,"column":4},"end":{"line":19,"column":5}},"type":"if","locations":[{"start":{"line":15,"column":4},"end":{"line":19,"column":5}},{"start":{"line":17,"column":11},"end":{"line":19,"column":5}}],"line":15}},"s":{"0":1,"1":1,"2":1,"3":0,"4":0,"5":0,"6":1,"7":0,"8":0,"9":0,"10":0,"11":0},"f":{"0":0,"1":0},"b":{"0":[0,0],"1":[0,0],"2":[0,0]},"_coverageSchema":"1a1c01bbd47fc00a2c39e90264f33305004495a9","hash":"a93ddafed8478d63786c65ba94383bb7cffa8de8"}
,"C:\\Users\\Chaima B.G\\Desktop\\Test\\integrationTest\\services\\user-service.js": {"path":"C:\\Users\\Chaima B.G\\Desktop\\Test\\integrationTest\\services\\user-service.js","statementMap":{"0":{"start":{"line":1,"column":11},"end":{"line":1,"column":39}},"1":{"start":{"line":2,"column":38},"end":{"line":2,"column":74}},"2":{"start":{"line":3,"column":15},"end":{"line":3,"column":32}},"3":{"start":{"line":4,"column":0},"end":{"line":11,"column":1}},"4":{"start":{"line":5,"column":4},"end":{"line":10,"column":5}},"5":{"start":{"line":6,"column":22},"end":{"line":6,"column":39}},"6":{"start":{"line":7,"column":8},"end":{"line":7,"column":36}},"7":{"start":{"line":9,"column":8},"end":{"line":9,"column":55}},"8":{"start":{"line":13,"column":0},"end":{"line":22,"column":1}},"9":{"start":{"line":14,"column":18},"end":{"line":14,"column":34}},"10":{"start":{"line":15,"column":4},"end":{"line":21,"column":5}},"11":{"start":{"line":16,"column":21},"end":{"line":16,"column":60}},"12":{"start":{"line":17,"column":8},"end":{"line":17,"column":35}},"13":{"start":{"line":20,"column":8},"end":{"line":20,"column":55}},"14":{"start":{"line":25,"column":0},"end":{"line":50,"column":1}},"15":{"start":{"line":26,"column":4},"end":{"line":49,"column":5}},"16":{"start":{"line":27,"column":29},"end":{"line":27,"column":86}},"17":{"start":{"line":28,"column":26},"end":{"line":28,"column":79}},"18":{"start":{"line":30,"column":8},"end":{"line":45,"column":9}},"19":{"start":{"line":31,"column":29},"end":{"line":31,"column":69}},"20":{"start":{"line":32,"column":32},"end":{"line":38,"column":20}},"21":{"start":{"line":40,"column":31},"end":{"line":40,"column":51}},"22":{"start":{"line":41,"column":18},"end":{"line":41,"column":47}},"23":{"start":{"line":44,"column":12},"end":{"line":44,"column":58}},"24":{"start":{"line":47,"column":8},"end":{"line":47,"column":26}},"25":{"start":{"line":48,"column":8},"end":{"line":48,"column":55}},"26":{"start":{"line":51,"column":0},"end":{"line":59,"column":1}},"27":{"start":{"line":52,"column":16},"end":{"line":52,"column":32}},"28":{"start":{"line":53,"column":4},"end":{"line":58,"column":5}},"29":{"start":{"line":54,"column":19},"end":{"line":54,"column":56}},"30":{"start":{"line":55,"column":8},"end":{"line":55,"column":60}},"31":{"start":{"line":57,"column":8},"end":{"line":57,"column":55}}},"fnMap":{"0":{"name":"(anonymous_0)","decl":{"start":{"line":4,"column":19},"end":{"line":4,"column":20}},"loc":{"start":{"line":4,"column":39},"end":{"line":11,"column":1}},"line":4},"1":{"name":"(anonymous_1)","decl":{"start":{"line":13,"column":25},"end":{"line":13,"column":26}},"loc":{"start":{"line":13,"column":45},"end":{"line":22,"column":1}},"line":13},"2":{"name":"(anonymous_2)","decl":{"start":{"line":25,"column":18},"end":{"line":25,"column":19}},"loc":{"start":{"line":25,"column":38},"end":{"line":50,"column":1}},"line":25},"3":{"name":"(anonymous_3)","decl":{"start":{"line":51,"column":21},"end":{"line":51,"column":22}},"loc":{"start":{"line":51,"column":41},"end":{"line":59,"column":1}},"line":51}},"branchMap":{"0":{"loc":{"start":{"line":30,"column":8},"end":{"line":45,"column":9}},"type":"if","locations":[{"start":{"line":30,"column":8},"end":{"line":45,"column":9}},{"start":{"line":43,"column":15},"end":{"line":45,"column":9}}],"line":30},"1":{"loc":{"start":{"line":30,"column":13},"end":{"line":30,"column":122}},"type":"binary-expr","locations":[{"start":{"line":30,"column":13},"end":{"line":30,"column":28}},{"start":{"line":30,"column":32},"end":{"line":30,"column":44}},{"start":{"line":30,"column":48},"end":{"line":30,"column":86}},{"start":{"line":30,"column":90},"end":{"line":30,"column":122}}],"line":30}},"s":{"0":1,"1":1,"2":1,"3":1,"4":0,"5":0,"6":0,"7":0,"8":1,"9":0,"10":0,"11":0,"12":0,"13":0,"14":1,"15":0,"16":0,"17":0,"18":0,"19":0,"20":0,"21":0,"22":0,"23":0,"24":0,"25":0,"26":1,"27":0,"28":0,"29":0,"30":0,"31":0},"f":{"0":0,"1":0,"2":0,"3":0},"b":{"0":[0,0],"1":[0,0,0,0]},"_coverageSchema":"1a1c01bbd47fc00a2c39e90264f33305004495a9","hash":"11eeb688da48fe2822086417c58fa848741dc960"}
}
